{"/project/home/lopez.evanedwin/workspace/src/pages/home/index.js": {"path":"/project/home/lopez.evanedwin/workspace/src/pages/home/index.js","statementMap":{"0":{"start":{"line":9,"column":30},"end":{"line":9,"column":42}},"1":{"start":{"line":10,"column":34},"end":{"line":10,"column":46}},"2":{"start":{"line":12,"column":2},"end":{"line":22,"column":17}},"3":{"start":{"line":13,"column":22},"end":{"line":16,"column":5}},"4":{"start":{"line":14,"column":19},"end":{"line":14,"column":44}},"5":{"start":{"line":15,"column":6},"end":{"line":15,"column":22}},"6":{"start":{"line":17,"column":4},"end":{"line":21,"column":6}},"7":{"start":{"line":24,"column":2},"end":{"line":34,"column":4}},"8":{"start":{"line":29,"column":10},"end":{"line":29,"column":38}}},"fnMap":{"0":{"name":"Home","decl":{"start":{"line":8,"column":24},"end":{"line":8,"column":28}},"loc":{"start":{"line":8,"column":31},"end":{"line":35,"column":1}},"line":8},"1":{"name":"(anonymous_1)","decl":{"start":{"line":12,"column":12},"end":{"line":12,"column":13}},"loc":{"start":{"line":12,"column":18},"end":{"line":22,"column":3}},"line":12},"2":{"name":"(anonymous_2)","decl":{"start":{"line":13,"column":22},"end":{"line":13,"column":23}},"loc":{"start":{"line":13,"column":34},"end":{"line":16,"column":5}},"line":13},"3":{"name":"(anonymous_3)","decl":{"start":{"line":28,"column":18},"end":{"line":28,"column":19}},"loc":{"start":{"line":28,"column":25},"end":{"line":30,"column":9}},"line":28}},"branchMap":{},"s":{"0":9,"1":9,"2":9,"3":5,"4":5,"5":4,"6":5,"7":9,"8":0},"f":{"0":9,"1":5,"2":5,"3":0},"b":{},"_coverageSchema":"1a1c01bbd47fc00a2c39e90264f33305004495a9","hash":"9ccb43c52237411c2b882b2e6b633d73d5cc8f7f"}
,"/project/home/lopez.evanedwin/workspace/src/service/Dog.js": {"path":"/project/home/lopez.evanedwin/workspace/src/service/Dog.js","statementMap":{"0":{"start":{"line":1,"column":20},"end":{"line":5,"column":1}},"1":{"start":{"line":7,"column":25},"end":{"line":36,"column":1}},"2":{"start":{"line":8,"column":18},"end":{"line":11,"column":3}},"3":{"start":{"line":13,"column":21},"end":{"line":13,"column":75}},"4":{"start":{"line":15,"column":2},"end":{"line":35,"column":3}},"5":{"start":{"line":16,"column":21},"end":{"line":19,"column":5}},"6":{"start":{"line":21,"column":4},"end":{"line":23,"column":5}},"7":{"start":{"line":22,"column":6},"end":{"line":22,"column":67}},"8":{"start":{"line":25,"column":17},"end":{"line":25,"column":38}},"9":{"start":{"line":32,"column":4},"end":{"line":32,"column":16}},"10":{"start":{"line":34,"column":4},"end":{"line":34,"column":17}},"11":{"start":{"line":38,"column":20},"end":{"line":59,"column":1}},"12":{"start":{"line":39,"column":18},"end":{"line":42,"column":3}},"13":{"start":{"line":44,"column":2},"end":{"line":58,"column":3}},"14":{"start":{"line":45,"column":21},"end":{"line":48,"column":5}},"15":{"start":{"line":50,"column":4},"end":{"line":52,"column":5}},"16":{"start":{"line":51,"column":6},"end":{"line":51,"column":67}},"17":{"start":{"line":54,"column":17},"end":{"line":54,"column":38}},"18":{"start":{"line":55,"column":4},"end":{"line":55,"column":20}},"19":{"start":{"line":57,"column":4},"end":{"line":57,"column":17}}},"fnMap":{"0":{"name":"(anonymous_0)","decl":{"start":{"line":7,"column":25},"end":{"line":7,"column":26}},"loc":{"start":{"line":7,"column":56},"end":{"line":36,"column":1}},"line":7},"1":{"name":"(anonymous_1)","decl":{"start":{"line":38,"column":20},"end":{"line":38,"column":21}},"loc":{"start":{"line":38,"column":54},"end":{"line":59,"column":1}},"line":38}},"branchMap":{"0":{"loc":{"start":{"line":7,"column":32},"end":{"line":7,"column":41}},"type":"default-arg","locations":[{"start":{"line":7,"column":39},"end":{"line":7,"column":41}}],"line":7},"1":{"loc":{"start":{"line":7,"column":43},"end":{"line":7,"column":51}},"type":"default-arg","locations":[{"start":{"line":7,"column":50},"end":{"line":7,"column":51}}],"line":7},"2":{"loc":{"start":{"line":13,"column":21},"end":{"line":13,"column":75}},"type":"cond-expr","locations":[{"start":{"line":13,"column":35},"end":{"line":13,"column":45}},{"start":{"line":13,"column":48},"end":{"line":13,"column":75}}],"line":13},"3":{"loc":{"start":{"line":21,"column":4},"end":{"line":23,"column":5}},"type":"if","locations":[{"start":{"line":21,"column":4},"end":{"line":23,"column":5}},{"start":{},"end":{}}],"line":21},"4":{"loc":{"start":{"line":38,"column":27},"end":{"line":38,"column":49}},"type":"default-arg","locations":[{"start":{"line":38,"column":47},"end":{"line":38,"column":49}}],"line":38},"5":{"loc":{"start":{"line":50,"column":4},"end":{"line":52,"column":5}},"type":"if","locations":[{"start":{"line":50,"column":4},"end":{"line":52,"column":5}},{"start":{},"end":{}}],"line":50}},"s":{"0":1,"1":1,"2":1,"3":1,"4":1,"5":1,"6":0,"7":0,"8":0,"9":0,"10":0,"11":1,"12":0,"13":0,"14":0,"15":0,"16":0,"17":0,"18":0,"19":0},"f":{"0":1,"1":0},"b":{"0":[0],"1":[1],"2":[1,0],"3":[0,0],"4":[0],"5":[0,0]},"_coverageSchema":"1a1c01bbd47fc00a2c39e90264f33305004495a9","hash":"d3d5aa7cf48b85d5806027370730f2912151ffda"}
,"/project/home/lopez.evanedwin/workspace/src/util/RunAfter.js": {"path":"/project/home/lopez.evanedwin/workspace/src/util/RunAfter.js","statementMap":{"0":{"start":{"line":3,"column":24},"end":{"line":5,"column":1}},"1":{"start":{"line":4,"column":2},"end":{"line":4,"column":37}}},"fnMap":{"0":{"name":"(anonymous_0)","decl":{"start":{"line":3,"column":24},"end":{"line":3,"column":25}},"loc":{"start":{"line":3,"column":60},"end":{"line":5,"column":1}},"line":3},"1":{"name":"(anonymous_1)","decl":{"start":{"line":3,"column":47},"end":{"line":3,"column":48}},"loc":{"start":{"line":3,"column":53},"end":{"line":3,"column":55}},"line":3}},"branchMap":{"0":{"loc":{"start":{"line":3,"column":25},"end":{"line":3,"column":37}},"type":"default-arg","locations":[{"start":{"line":3,"column":36},"end":{"line":3,"column":37}}],"line":3},"1":{"loc":{"start":{"line":3,"column":39},"end":{"line":3,"column":55}},"type":"default-arg","locations":[{"start":{"line":3,"column":47},"end":{"line":3,"column":55}}],"line":3}},"s":{"0":1,"1":9},"f":{"0":9,"1":0},"b":{"0":[0],"1":[0]},"_coverageSchema":"1a1c01bbd47fc00a2c39e90264f33305004495a9","hash":"f8e1d430c33294e54b8ca1e2ec38609d00734ad9"}
}
