TN:
SF:src/pages/home/index.js
FN:8,Home
FN:12,(anonymous_1)
FN:13,(anonymous_2)
FN:28,(anonymous_3)
FNF:4
FNH:3
FNDA:9,Home
FNDA:5,(anonymous_1)
FNDA:5,(anonymous_2)
FNDA:0,(anonymous_3)
DA:9,9
DA:10,9
DA:12,9
DA:13,5
DA:14,5
DA:15,4
DA:17,5
DA:24,9
DA:29,0
LF:9
LH:8
BRF:0
BRH:0
end_of_record
TN:
SF:src/service/Dog.js
FN:7,(anonymous_0)
FN:38,(anonymous_1)
FNF:2
FNH:1
FNDA:1,(anonymous_0)
FNDA:0,(anonymous_1)
DA:1,1
DA:7,1
DA:8,1
DA:13,1
DA:15,1
DA:16,1
DA:21,0
DA:22,0
DA:25,0
DA:32,0
DA:34,0
DA:38,1
DA:39,0
DA:44,0
DA:45,0
DA:50,0
DA:51,0
DA:54,0
DA:55,0
DA:57,0
LF:20
LH:7
BRDA:7,0,0,0
BRDA:7,1,0,1
BRDA:13,2,0,1
BRDA:13,2,1,0
BRDA:21,3,0,0
BRDA:21,3,1,0
BRDA:38,4,0,0
BRDA:50,5,0,0
BRDA:50,5,1,0
BRF:9
BRH:2
end_of_record
TN:
SF:src/util/RunAfter.js
FN:3,(anonymous_0)
FN:3,(anonymous_1)
FNF:2
FNH:1
FNDA:9,(anonymous_0)
FNDA:0,(anonymous_1)
DA:3,1
DA:4,9
LF:2
LH:2
BRDA:3,0,0,0
BRDA:3,1,0,0
BRF:2
BRH:0
end_of_record
